-------------------------------------------------------------------------------
Test set: com.puc.ticketin.TicketinApplicationTests
-------------------------------------------------------------------------------
Tests run: 1, Failures: 0, Errors: 1, Skipped: 0, Time elapsed: 2.096 s <<< FAILURE! - in com.puc.ticketin.TicketinApplicationTests
contextLoads  Time elapsed: 0.007 s  <<< ERROR!
java.lang.IllegalStateException: Failed to load ApplicationContext
Caused by: org.springframework.beans.factory.UnsatisfiedDependencyException: Error creating bean with name 'authController' defined in file [G:\TIS\ticketin\target\classes\com\puc\ticketin\api\controller\AuthController.class]: Unsatisfied dependency expressed through constructor parameter 0; nested exception is org.springframework.beans.factory.UnsatisfiedDependencyException: Error creating bean with name 'jwtTokenProvider' defined in file [G:\TIS\ticketin\target\classes\com\puc\ticketin\security\JwtTokenProvider.class]: Unsatisfied dependency expressed through constructor parameter 0; nested exception is org.springframework.beans.factory.NoSuchBeanDefinitionException: No qualifying bean of type 'com.puc.ticketin.security.JwtProperties' available: expected at least 1 bean which qualifies as autowire candidate. Dependency annotations: {}
Caused by: org.springframework.beans.factory.UnsatisfiedDependencyException: Error creating bean with name 'jwtTokenProvider' defined in file [G:\TIS\ticketin\target\classes\com\puc\ticketin\security\JwtTokenProvider.class]: Unsatisfied dependency expressed through constructor parameter 0; nested exception is org.springframework.beans.factory.NoSuchBeanDefinitionException: No qualifying bean of type 'com.puc.ticketin.security.JwtProperties' available: expected at least 1 bean which qualifies as autowire candidate. Dependency annotations: {}
Caused by: org.springframework.beans.factory.NoSuchBeanDefinitionException: No qualifying bean of type 'com.puc.ticketin.security.JwtProperties' available: expected at least 1 bean which qualifies as autowire candidate. Dependency annotations: {}

