<?xml version="1.0" encoding="UTF-8"?>
<testsuite xmlns:xsi="http://www.w3.org/2001/XMLSchema-instance" xsi:noNamespaceSchemaLocation="https://maven.apache.org/surefire/maven-surefire-plugin/xsd/surefire-test-report-3.0.xsd" version="3.0" name="com.puc.ticketin.TicketinApplicationTests" time="7.467" tests="1" errors="0" skipped="0" failures="0">
  <properties>
[...]
</properties>
  <testcase name="contextLoads" classname="com.puc.ticketin.TicketinApplicationTests" time="0.529">
    <system-out><![CDATA[20:19:01.279 [main] DEBUG org.springframework.test.context.BootstrapUtils - Instantiating CacheAwareContextLoaderDelegate from class [org.springframework.test.context.cache.DefaultCacheAwareContextLoaderDelegate]
20:19:01.293 [main] DEBUG org.springframework.test.context.BootstrapUtils - Instantiating BootstrapContext using constructor [public org.springframework.test.context.support.DefaultBootstrapContext(java.lang.Class,org.springframework.test.context.CacheAwareContextLoaderDelegate)]
20:19:01.343 [main] DEBUG org.springframework.test.context.BootstrapUtils - Instantiating TestContextBootstrapper for test class [com.puc.ticketin.TicketinApplicationTests] from class [org.springframework.boot.test.context.SpringBootTestContextBootstrapper]
20:19:01.357 [main] INFO org.springframework.boot.test.context.SpringBootTestContextBootstrapper - Neither @ContextConfiguration nor @ContextHierarchy found for test class [com.puc.ticketin.TicketinApplicationTests], using SpringBootContextLoader
20:19:01.363 [main] DEBUG org.springframework.test.context.support.AbstractContextLoader - Did not detect default resource location for test class [com.puc.ticketin.TicketinApplicationTests]: class path resource [com/puc/ticketin/TicketinApplicationTests-context.xml] does not exist
20:19:01.364 [main] DEBUG org.springframework.test.context.support.AbstractContextLoader - Did not detect default resource location for test class [com.puc.ticketin.TicketinApplicationTests]: class path resource [com/puc/ticketin/TicketinApplicationTestsContext.groovy] does not exist
20:19:01.364 [main] INFO org.springframework.test.context.support.AbstractContextLoader - Could not detect default resource locations for test class [com.puc.ticketin.TicketinApplicationTests]: no resource found for suffixes {-context.xml, Context.groovy}.
20:19:01.365 [main] INFO org.springframework.test.context.support.AnnotationConfigContextLoaderUtils - Could not detect default configuration classes for test class [com.puc.ticketin.TicketinApplicationTests]: TicketinApplicationTests does not declare any static, non-private, non-final, nested classes annotated with @Configuration.
20:19:01.443 [main] DEBUG org.springframework.test.context.support.ActiveProfilesUtils - Could not find an 'annotation declaring class' for annotation type [org.springframework.test.context.ActiveProfiles] and class [com.puc.ticketin.TicketinApplicationTests]
20:19:01.567 [main] DEBUG org.springframework.context.annotation.ClassPathScanningCandidateComponentProvider - Identified candidate component class: file [G:\TIS\ticketin\target\classes\com\puc\ticketin\TicketinApplication.class]
20:19:01.569 [main] INFO org.springframework.boot.test.context.SpringBootTestContextBootstrapper - Found @SpringBootConfiguration com.puc.ticketin.TicketinApplication for test class com.puc.ticketin.TicketinApplicationTests
20:19:01.722 [main] DEBUG org.springframework.boot.test.context.SpringBootTestContextBootstrapper - @TestExecutionListeners is not present for class [com.puc.ticketin.TicketinApplicationTests]: using defaults.
20:19:01.723 [main] INFO org.springframework.boot.test.context.SpringBootTestContextBootstrapper - Loaded default TestExecutionListener class names from location [META-INF/spring.factories]: [org.springframework.security.test.context.support.WithSecurityContextTestExecutionListener, org.springframework.security.test.context.support.ReactorContextTestExecutionListener, org.springframework.test.context.web.ServletTestExecutionListener, org.springframework.test.context.support.DirtiesContextBeforeModesTestExecutionListener, org.springframework.test.context.event.ApplicationEventsTestExecutionListener, org.springframework.test.context.support.DependencyInjectionTestExecutionListener, org.springframework.test.context.support.DirtiesContextTestExecutionListener, org.springframework.test.context.transaction.TransactionalTestExecutionListener, org.springframework.test.context.jdbc.SqlScriptsTestExecutionListener, org.springframework.test.context.event.EventPublishingTestExecutionListener, org.springframework.boot.test.mock.mockito.MockitoTestExecutionListener, org.springframework.boot.test.mock.mockito.ResetMocksTestExecutionListener, org.springframework.boot.test.autoconfigure.restdocs.RestDocsTestExecutionListener, org.springframework.boot.test.autoconfigure.web.client.MockRestServiceServerResetTestExecutionListener, org.springframework.boot.test.autoconfigure.web.servlet.MockMvcPrintOnlyOnFailureTestExecutionListener, org.springframework.boot.test.autoconfigure.web.servlet.WebDriverTestExecutionListener, org.springframework.boot.test.autoconfigure.webservices.client.MockWebServiceServerTestExecutionListener]
20:19:01.740 [main] DEBUG org.springframework.boot.test.context.SpringBootTestContextBootstrapper - Skipping candidate TestExecutionListener [org.springframework.test.context.web.ServletTestExecutionListener] due to a missing dependency. Specify custom listener classes or make the default listener classes and their required dependencies available. Offending class: [javax/servlet/ServletContext]
20:19:01.754 [main] INFO org.springframework.boot.test.context.SpringBootTestContextBootstrapper - Using TestExecutionListeners: [org.springframework.test.context.support.DirtiesContextBeforeModesTestExecutionListener@8ad6665, org.springframework.test.context.event.ApplicationEventsTestExecutionListener@30af5b6b, org.springframework.boot.test.mock.mockito.MockitoTestExecutionListener@19835e64, org.springframework.boot.test.autoconfigure.SpringBootDependencyInjectionTestExecutionListener@68b32e3e, org.springframework.test.context.support.DirtiesContextTestExecutionListener@bcef303, org.springframework.test.context.transaction.TransactionalTestExecutionListener@41709512, org.springframework.test.context.jdbc.SqlScriptsTestExecutionListener@42039326, org.springframework.security.test.context.support.WithSecurityContextTestExecutionListener@33308786, org.springframework.test.context.event.EventPublishingTestExecutionListener@4f9a2c08, org.springframework.security.test.context.support.ReactorContextTestExecutionListener@a87f8ec, org.springframework.boot.test.mock.mockito.ResetMocksTestExecutionListener@5443d039, org.springframework.boot.test.autoconfigure.restdocs.RestDocsTestExecutionListener@63787180, org.springframework.boot.test.autoconfigure.web.client.MockRestServiceServerResetTestExecutionListener@7d1cfb8b, org.springframework.boot.test.autoconfigure.web.servlet.MockMvcPrintOnlyOnFailureTestExecutionListener@48e92c5c, org.springframework.boot.test.autoconfigure.web.servlet.WebDriverTestExecutionListener@2e1ef60, org.springframework.boot.test.autoconfigure.webservices.client.MockWebServiceServerTestExecutionListener@22356acd]
20:19:01.764 [main] DEBUG org.springframework.test.context.support.AbstractDirtiesContextTestExecutionListener - Before test class: context [DefaultTestContext@47f9738 testClass = TicketinApplicationTests, testInstance = [null], testMethod = [null], testException = [null], mergedContextConfiguration = [ReactiveWebMergedContextConfiguration@6155d082 testClass = TicketinApplicationTests, locations = '{}', classes = '{class com.puc.ticketin.TicketinApplication}', contextInitializerClasses = '[]', activeProfiles = '{}', propertySourceLocations = '{}', propertySourceProperties = '{org.springframework.boot.test.context.SpringBootTestContextBootstrapper=true}', contextCustomizers = set[org.springframework.boot.test.context.filter.ExcludeFilterContextCustomizer@783a467b, org.springframework.boot.test.json.DuplicateJsonObjectContextCustomizerFactory$DuplicateJsonObjectContextCustomizer@771a660, org.springframework.boot.test.mock.mockito.MockitoContextCustomizer@0, org.springframework.boot.test.web.client.TestRestTemplateContextCustomizer@5824a83d, org.springframework.boot.test.web.reactive.server.WebTestClientContextCustomizer@4b45a2f5, org.springframework.boot.test.autoconfigure.actuate.metrics.MetricsExportContextCustomizerFactory$DisableMetricExportContextCustomizer@13e344d, org.springframework.boot.test.autoconfigure.properties.PropertyMappingContextCustomizer@0, org.springframework.boot.test.autoconfigure.web.servlet.WebDriverContextCustomizerFactory$Customizer@1ed4ae0f, org.springframework.boot.test.context.SpringBootTestArgs@1, org.springframework.boot.test.context.SpringBootTestWebEnvironment@57f23557], contextLoader = 'org.springframework.boot.test.context.SpringBootContextLoader', parent = [null]], attributes = map[[empty]]], class annotated with @DirtiesContext [false] with mode [null].
20:19:01.784 [main] DEBUG org.springframework.test.context.support.DependencyInjectionTestExecutionListener - Performing dependency injection for test context [[DefaultTestContext@47f9738 testClass = TicketinApplicationTests, testInstance = com.puc.ticketin.TicketinApplicationTests@797cf65c, testMethod = [null], testException = [null], mergedContextConfiguration = [ReactiveWebMergedContextConfiguration@6155d082 testClass = TicketinApplicationTests, locations = '{}', classes = '{class com.puc.ticketin.TicketinApplication}', contextInitializerClasses = '[]', activeProfiles = '{}', propertySourceLocations = '{}', propertySourceProperties = '{org.springframework.boot.test.context.SpringBootTestContextBootstrapper=true}', contextCustomizers = set[org.springframework.boot.test.context.filter.ExcludeFilterContextCustomizer@783a467b, org.springframework.boot.test.json.DuplicateJsonObjectContextCustomizerFactory$DuplicateJsonObjectContextCustomizer@771a660, org.springframework.boot.test.mock.mockito.MockitoContextCustomizer@0, org.springframework.boot.test.web.client.TestRestTemplateContextCustomizer@5824a83d, org.springframework.boot.test.web.reactive.server.WebTestClientContextCustomizer@4b45a2f5, org.springframework.boot.test.autoconfigure.actuate.metrics.MetricsExportContextCustomizerFactory$DisableMetricExportContextCustomizer@13e344d, org.springframework.boot.test.autoconfigure.properties.PropertyMappingContextCustomizer@0, org.springframework.boot.test.autoconfigure.web.servlet.WebDriverContextCustomizerFactory$Customizer@1ed4ae0f, org.springframework.boot.test.context.SpringBootTestArgs@1, org.springframework.boot.test.context.SpringBootTestWebEnvironment@57f23557], contextLoader = 'org.springframework.boot.test.context.SpringBootContextLoader', parent = [null]], attributes = map['org.springframework.test.context.event.ApplicationEventsTestExecutionListener.recordApplicationEvents' -> false]]].
20:19:01.814 [main] DEBUG org.springframework.test.context.support.TestPropertySourceUtils - Adding inlined properties to environment: {spring.jmx.enabled=false, org.springframework.boot.test.context.SpringBootTestContextBootstrapper=true}

  .   ____          _            __ _ _
 /\\ / ___'_ __ _ _(_)_ __  __ _ \ \ \ \
( ( )\___ | '_ | '_| | '_ \/ _` | \ \ \ \
 \\/  ___)| |_)| | | | | || (_| |  ) ) ) )
  '  |____| .__|_| |_|_| |_\__, | / / / /
 =========|_|==============|___/=/_/_/_/
 :: Spring Boot ::                (v2.4.4)

2023-03-09 20:19:02.353  INFO 12800 --- [           main] c.puc.ticketin.TicketinApplicationTests  : Starting TicketinApplicationTests using Java 19.0.2 on pc-guilherme with PID 12800 (started by guilherme in G:\TIS\ticketin)
2023-03-09 20:19:02.358  INFO 12800 --- [           main] c.puc.ticketin.TicketinApplicationTests  : No active profile set, falling back to default profiles: default
2023-03-09 20:19:03.920  INFO 12800 --- [           main] .s.d.r.c.RepositoryConfigurationDelegate : Bootstrapping Spring Data Reactive MongoDB repositories in DEFAULT mode.
2023-03-09 20:19:04.101  INFO 12800 --- [           main] .s.d.r.c.RepositoryConfigurationDelegate : Finished Spring Data repository scanning in 175 ms. Found 3 Reactive MongoDB repository interfaces.
2023-03-09 20:19:04.889  INFO 12800 --- [           main] org.mongodb.driver.cluster               : Cluster created with settings {hosts=[localhost:27017], mode=SINGLE, requiredClusterType=UNKNOWN, serverSelectionTimeout='30000 ms'}
2023-03-09 20:19:05.379  INFO 12800 --- [localhost:27017] org.mongodb.driver.connection            : Opened connection [connectionId{localValue:2, serverValue:92}] to localhost:27017
2023-03-09 20:19:05.379  INFO 12800 --- [localhost:27017] org.mongodb.driver.connection            : Opened connection [connectionId{localValue:1, serverValue:93}] to localhost:27017
2023-03-09 20:19:05.379  INFO 12800 --- [localhost:27017] org.mongodb.driver.cluster               : Monitor thread successfully connected to server with description ServerDescription{address=localhost:27017, type=STANDALONE, state=CONNECTED, ok=true, minWireVersion=0, maxWireVersion=17, maxDocumentSize=16777216, logicalSessionTimeoutMinutes=30, roundTripTimeNanos=190598000}
2023-03-09 20:19:07.982  INFO 12800 --- [           main] c.puc.ticketin.TicketinApplicationTests  : Started TicketinApplicationTests in 6.158 seconds (JVM running for 7.506)
2023-03-09 20:19:07.985  INFO 12800 --- [           main] com.puc.ticketin.DataInitializer         : start data initialization...
2023-03-09 20:19:08.043  INFO 12800 --- [           main] com.puc.ticketin.DataInitializer         : data:reactor.core.publisher.FluxConcatArray$ConcatArraySubscriber@780ee3ad
2023-03-09 20:19:08.138  INFO 12800 --- [ntLoopGroup-2-3] org.mongodb.driver.connection            : Opened connection [connectionId{localValue:3, serverValue:94}] to localhost:27017
2023-03-09 20:19:08.517  INFO 12800 --- [ntLoopGroup-2-4] org.mongodb.driver.connection            : Opened connection [connectionId{localValue:4, serverValue:95}] to localhost:27017
2023-03-09 20:19:08.557  INFO 12800 --- [ntLoopGroup-2-4] com.puc.ticketin.DataInitializer         : data:Ticket(value=1)
2023-03-09 20:19:08.557  INFO 12800 --- [ntLoopGroup-2-4] com.puc.ticketin.DataInitializer         : data:Ticket(value=1)
2023-03-09 20:19:08.557  INFO 12800 --- [ntLoopGroup-2-4] com.puc.ticketin.DataInitializer         : done initialization...
]]></system-out>
  </testcase>
</testsuite>